<?xml version="1.0" encoding="UTF-8"?>
<!-- Generated by org.testng.reporters.JUnitReportReporter -->
<testsuite skipped="0" hostname="PrasannAravind" name="tests.Annotations" tests="1" failures="0" timestamp="2021-05-23T14:00:47 IST" time="0.024" errors="0">
  <testcase name="firstMethod" time="0.024" classname="tests.Annotations"/>
  <system-out/>
</testsuite> <!-- tests.Annotations -->
